<?xml version="1.0" encoding="UTF-8"?>
<!-- Generated by org.testng.reporters.JUnitXMLReporter -->
<testsuite hostname="DESKTOP-9C3AUI4" ignored="0" name="Test" tests="1" failures="1" timestamp="2020-07-24T15:57:28 SGT" time="0.054" errors="0">
  <testcase name="delete_Params" time="0.0" classname="demo.DataDriven">
    <failure type="org.testng.TestNGException" message="
Cannot inject @Test annotated Method [delete_Params] with [int].
For more information on native dependency injection please refer to https://testng.org/doc/documentation-main.html#native-dependency-injection">
      <![CDATA[org.testng.TestNGException: 
Cannot inject @Test annotated Method [delete_Params] with [int].
For more information on native dependency injection please refer to https://testng.org/doc/documentation-main.html#native-dependency-injection
at java.util.ArrayList.forEach(ArrayList.java:1257)
... Removed 26 stack frames]]>
    </failure>
  </testcase> <!-- delete_Params -->
</testsuite> <!-- Test -->
